#
# A fatal error has been detected by the Java Runtime Environment:
#
#  SIGSEGV (0xb) at pc=0x00007fff8aed40dd, pid=15058, tid=1811
#
# JRE version: Java(TM) SE Runtime Environment (8.0_31-b13) (build 1.8.0_31-b13)
# Java VM: Java HotSpot(TM) 64-Bit Server VM (25.31-b07 mixed mode bsd-amd64 compressed oops)
# Problematic frame:
# C  [libobjc.A.dylib+0x10dd]  objc_msgSend+0x1d
#
# Failed to write core dump. Core dumps have been disabled. To enable core dumping, try "ulimit -c unlimited" before starting Java again
#
# If you would like to submit a bug report, please visit:
#   http://bugreport.java.com/bugreport/crash.jsp
# The crash happened outside the Java Virtual Machine in native code.
# See problematic frame for where to report the bug.
#

---------------  T H R E A D  ---------------

Current thread (0x00007fa7a284f800):  JavaThread "AppKit Thread" daemon [_thread_in_native, id=1811, stack(0x00007fff524ed000,0x00007fff52ced000)]

siginfo: si_signo: 11 (SIGSEGV), si_code: 1 (SEGV_MAPERR), si_addr: 0x000007fa7a1487f8

Registers:
RAX=0x00007fa7a148b3a0, RBX=0x00007fff52ce7648, RCX=0x0000000000000000, RDX=0x00007fa7a168d640
RSP=0x00007fff52ce7468, RBP=0x00007fff52ce7470, RSI=0x00007fff8d666423, RDI=0x00007fa7a148b3a0
R8 =0x00007fff52ce7450, R9 =0x0000000000000055, R10=0x00007fff8d666423, R11=0x000007fa7a1487e0
R12=0x00007fa7a160cc10, R13=0x00000000000f42ee, R14=0x00007fa7a14a1a20, R15=0x00007fff52ce75a8
RIP=0x00007fff8aed40dd, EFLAGS=0x0000000000010202, ERR=0x0000000000000004
  TRAPNO=0x000000000000000e

Top of Stack: (sp=0x00007fff52ce7468)
0x00007fff52ce7468:   00007fff893dc45c 00007fff52ce77d0
0x00007fff52ce7478:   00007fff892cc634 00007fff52ce74fc
0x00007fff52ce7488:   00007fff52ce7500 00007fff52ce7504
0x00007fff52ce7498:   00007fff72a59e00 ffffffffffffffff
0x00007fff52ce74a8:   00000000000007f8 00007fff72a59e18
0x00007fff52ce74b8:   00007fa7a14a1a20 0000000000000000
0x00007fff52ce74c8:   00007fff52ce75a0 0000000000000000
0x00007fff52ce74d8:   00007fa7a166ee90 00007fff52ce7620
0x00007fff52ce74e8:   0000000000000055 00000000000f42f0
0x00007fff52ce74f8:   00007fa7a168d640 00007fa7a1631340
0x00007fff52ce7508:   00007fa7a160cc10 0000000000000001
0x00007fff52ce7518:   00000000000f42ee 00007fa7a160cc00
0x00007fff52ce7528:   00007fff8bff4c05 00000001a146b940
0x00007fff52ce7538:   00007fff725610d0 0000000042000000
0x00007fff52ce7548:   00007fff8bffbe63 00007fff72a24240
0x00007fff52ce7558:   00007fff52ce7628 00007fff52ce7580
0x00007fff52ce7568:   00007fff52ce75a0 0000000000000000
0x00007fff52ce7578:   0000000000000000 0001f90300000001
0x00007fff52ce7588:   00007fa7a160cc34 0000000000000000
0x00007fff52ce7598:   0000000000000000 00007fa7a166ef10
0x00007fff52ce75a8:   00007fa7a14a1a20 0000002000000000
0x00007fff52ce75b8:   0000000000000000 00007fff725610d0
0x00007fff52ce75c8:   0000000042000000 00007fff8bffb4f8
0x00007fff52ce75d8:   00007fff72a24350 00007fff52ce7538
0x00007fff52ce75e8:   0000000000000000 00007fff52ce76b8
0x00007fff52ce75f8:   00007fff72b6eea0 00007fff52ce76f0
0x00007fff52ce7608:   00007fff8cc1fedc 00007fff52ce76a0
0x00007fff52ce7618:   00007fff8cd9a5fd 0000000000000051
0x00007fff52ce7628:   0000000000000000 00000000000f42e2
0x00007fff52ce7638:   0000000000000053 0000000000000000
0x00007fff52ce7648:   00000000000f42ee 00007fff52ce76c4
0x00007fff52ce7658:   00000000003ba601 00000000ffffffff 

Instructions: (pc=0x00007fff8aed40dd)
0x00007fff8aed40bd:   00 00 00 48 85 ff 2e 74 7a 40 f6 c7 01 2e 75 7e
0x00007fff8aed40cd:   49 bb f8 ff ff ff ff 7f 00 00 4c 23 1f 49 89 f2
0x00007fff8aed40dd:   45 23 53 18 49 c1 e2 04 4d 03 53 10 49 3b 32 75
0x00007fff8aed40ed:   04 41 ff 62 08 49 83 3a 00 74 6a 4d 3b 53 10 74 

Register to memory mapping:

RAX=0x00007fa7a148b3a0 is an unknown value
RBX=0x00007fff52ce7648 is pointing into the stack for thread: 0x00007fa7a284f800
RCX=0x0000000000000000 is an unknown value
RDX=0x00007fa7a168d640 is an unknown value
RSP=0x00007fff52ce7468 is pointing into the stack for thread: 0x00007fa7a284f800
RBP=0x00007fff52ce7470 is pointing into the stack for thread: 0x00007fa7a284f800
RSI=0x00007fff8d666423: -[NSTitlebarContainerView transparent]+0x5e307 in /System/Library/Frameworks/AppKit.framework/Versions/C/AppKit at 0x00007fff8cc65000
RDI=0x00007fa7a148b3a0 is an unknown value
R8 =0x00007fff52ce7450 is pointing into the stack for thread: 0x00007fa7a284f800
R9 =0x0000000000000055 is an unknown value
R10=0x00007fff8d666423: -[NSTitlebarContainerView transparent]+0x5e307 in /System/Library/Frameworks/AppKit.framework/Versions/C/AppKit at 0x00007fff8cc65000
R11=0x000007fa7a1487e0 is an unknown value
R12=0x00007fa7a160cc10 is an unknown value
R13=0x00000000000f42ee is an unknown value
R14=0x00007fa7a14a1a20 is an unknown value
R15=0x00007fff52ce75a8 is pointing into the stack for thread: 0x00007fa7a284f800


Stack: [0x00007fff524ed000,0x00007fff52ced000],  sp=0x00007fff52ce7468,  free space=8169k
Native frames: (J=compiled Java code, j=interpreted, Vv=VM code, C=native code)
C  [libobjc.A.dylib+0x10dd]  objc_msgSend+0x1d
C  [CoreFoundation+0x10634]  _CFXNotificationPost+0xc44
C  [Foundation+0x79d1]  -[NSNotificationCenter postNotificationName:object:userInfo:]+0x42
C  [AppKit+0x43ac2]  -[NSSurface _disposeSurface]+0x98
C  [AppKit+0x43526]  -[NSSurface setWindow:]+0x42
C  [AppKit+0x33a10]  -[NSView _setWindow:]+0xa33
C  [AppKit+0x6b091]  -[NSView removeFromSuperview]+0x1c5
C  [AppKit+0x14bea9]  -[NSView removeFromSuperviewWithoutNeedingDisplay]+0x26
C  [liblwjgl.dylib+0xa205]  +[MacOSXKeyableWindow destroyWindow]+0xb5
C  [Foundation+0x92d00]  __NSThreadPerformPerform+0x125
C  [CoreFoundation+0x80a01]  __CFRUNLOOP_IS_CALLING_OUT_TO_A_SOURCE0_PERFORM_FUNCTION__+0x11
C  [CoreFoundation+0x72b8d]  __CFRunLoopDoSources0+0x10d
C  [CoreFoundation+0x721bf]  __CFRunLoopRun+0x39f
C  [CoreFoundation+0x71bd8]  CFRunLoopRunSpecific+0x128
C  [HIToolbox+0x3256f]  RunCurrentEventLoopInMode+0xeb
C  [HIToolbox+0x322ea]  ReceiveNextEventCommon+0x1af
C  [HIToolbox+0x3212b]  _BlockUntilNextEventMatchingListInModeWithFilter+0x47
C  [AppKit+0x919bb]  _DPSNextEvent+0x3d2
C  [AppKit+0x90f68]  -[NSApplication nextEventMatchingMask:untilDate:inMode:dequeue:]+0x15a
C  [libosxapp.dylib+0x242a]  -[NSApplicationAWT nextEventMatchingMask:untilDate:inMode:dequeue:]+0x7c
C  [AppKit+0x86bf3]  -[NSApplication run]+0x252
C  [libosxapp.dylib+0x223e]  +[NSApplicationAWT runAWTLoopWithApp:]+0x9c
C  [libawt_lwawt.dylib+0x4494f]  -[AWTStarter starter:]+0x389
C  [Foundation+0x92d00]  __NSThreadPerformPerform+0x125
C  [CoreFoundation+0x80a01]  __CFRUNLOOP_IS_CALLING_OUT_TO_A_SOURCE0_PERFORM_FUNCTION__+0x11
C  [CoreFoundation+0x72b8d]  __CFRunLoopDoSources0+0x10d
C  [CoreFoundation+0x721bf]  __CFRunLoopRun+0x39f
C  [CoreFoundation+0x71bd8]  CFRunLoopRunSpecific+0x128
C  [java+0x56cc]  CreateExecutionEnvironment+0x367
C  [java+0x165c]  JLI_Launch+0x7a0
C  [java+0x768a]  main+0x65
C  [java+0xeb4]  start+0x34
C  0x0000000000000008


---------------  P R O C E S S  ---------------

Java Threads: ( => current thread )
  0x00007fa7a28eb000 JavaThread "AWT-Shutdown" [_thread_blocked, id=27691, stack(0x0000000129d29000,0x0000000129e29000)]
  0x00007fa7a3002800 JavaThread "DestroyJavaVM" [_thread_blocked, id=3331, stack(0x000000010df31000,0x000000010e031000)]
  0x00007fa7a2197000 JavaThread "LWJGL Application" [_thread_in_native, id=64007, stack(0x000000012b46f000,0x000000012b56f000)]
=>0x00007fa7a284f800 JavaThread "AppKit Thread" daemon [_thread_in_native, id=1811, stack(0x00007fff524ed000,0x00007fff52ced000)]
  0x00007fa7a2808800 JavaThread "Service Thread" daemon [_thread_blocked, id=18179, stack(0x0000000126640000,0x0000000126740000)]
  0x00007fa7a18b5800 JavaThread "C1 CompilerThread2" daemon [_thread_blocked, id=17667, stack(0x000000012653d000,0x000000012663d000)]
  0x00007fa7a2805000 JavaThread "C2 CompilerThread1" daemon [_thread_blocked, id=17155, stack(0x000000012643a000,0x000000012653a000)]
  0x00007fa7a186a000 JavaThread "C2 CompilerThread0" daemon [_thread_blocked, id=16643, stack(0x0000000126337000,0x0000000126437000)]
  0x00007fa7a3016000 JavaThread "Signal Dispatcher" daemon [_thread_blocked, id=13847, stack(0x0000000126234000,0x0000000126334000)]
  0x00007fa7a2802000 JavaThread "Finalizer" daemon [_thread_blocked, id=11523, stack(0x0000000124820000,0x0000000124920000)]
  0x00007fa7a185f800 JavaThread "Reference Handler" daemon [_thread_blocked, id=11011, stack(0x000000012471d000,0x000000012481d000)]

Other Threads:
  0x00007fa7a185d000 VMThread [stack: 0x000000012461a000,0x000000012471a000] [id=10499]
  0x00007fa7a200c000 WatcherThread [stack: 0x0000000126743000,0x0000000126843000] [id=18691]

VM state:not at safepoint (normal execution)

VM Mutex/Monitor currently owned by a thread: None

Heap:
 PSYoungGen      total 38400K, used 30218K [0x0000000795580000, 0x0000000798000000, 0x00000007c0000000)
  eden space 33280K, 90% used [0x0000000795580000,0x0000000797302a18,0x0000000797600000)
  from space 5120K, 0% used [0x0000000797b00000,0x0000000797b00000,0x0000000798000000)
  to   space 5120K, 0% used [0x0000000797600000,0x0000000797600000,0x0000000797b00000)
 ParOldGen       total 87552K, used 0K [0x0000000740000000, 0x0000000745580000, 0x0000000795580000)
  object space 87552K, 0% used [0x0000000740000000,0x0000000740000000,0x0000000745580000)
 Metaspace       used 7947K, capacity 8061K, committed 8320K, reserved 1056768K
  class space    used 767K, capacity 789K, committed 896K, reserved 1048576K

Card table byte_map: [0x000000011ddc0000,0x000000011e1c1000] byte_map_base: 0x000000011a3c0000

Marking Bits: (ParMarkBitMap*) 0x000000010d8af410
 Begin Bits: [0x000000011e775000, 0x0000000120775000)
 End Bits:   [0x0000000120775000, 0x0000000122775000)

Polling page: 0x000000010e08c000

CodeCache: size=245760Kb used=3384Kb max_used=3395Kb free=242375Kb
 bounds [0x000000010ea00000, 0x000000010ed60000, 0x000000011da00000]
 total_blobs=1371 nmethods=921 adapters=365
 compilation: enabled

Compilation events (10 events):
Event: 16.367 Thread 0x00007fa7a18b5800 nmethod 917 0x000000010ed49610 code [0x000000010ed49920, 0x000000010ed4b148]
Event: 16.483 Thread 0x00007fa7a186a000  918       4       com.badlogic.gdx.graphics.glutils.ShaderProgram::fetchAttributeLocation (44 bytes)
Event: 16.499 Thread 0x00007fa7a186a000 nmethod 918 0x000000010ed4f090 code [0x000000010ed4f260, 0x000000010ed4fa90]
Event: 16.587 Thread 0x00007fa7a18b5800  919   !   3       sun.misc.URLClassPath$FileLoader::getResource (164 bytes)
Event: 16.598 Thread 0x00007fa7a18b5800 nmethod 919 0x000000010ed4bf10 code [0x000000010ed4c2a0, 0x000000010ed4df78]
Event: 16.639 Thread 0x00007fa7a18b5800  920       3       java.lang.ClassNotFoundException::<init> (7 bytes)
Event: 16.639 Thread 0x00007fa7a18b5800 nmethod 920 0x000000010ed471d0 code [0x000000010ed47340, 0x000000010ed47588]
Event: 16.639 Thread 0x00007fa7a18b5800  921       3       java.lang.ReflectiveOperationException::<init> (7 bytes)
Event: 16.641 Thread 0x00007fa7a18b5800 nmethod 921 0x000000010ed46d90 code [0x000000010ed46f00, 0x000000010ed470e8]
Event: 16.648 Thread 0x00007fa7a2805000  922       4       java.nio.DirectByteBuffer::put (18 bytes)

GC Heap History (0 events):
No events

Deoptimization events (0 events):
No events

Internal exceptions (10 events):
Event: 2.951 Thread 0x00007fa7a2197000 Exception <a 'java/security/PrivilegedActionException'> (0x00000007964976f8) thrown at [/Users/java_re/workspace/8-2-build-macosx-x86_64/jdk8u31/2394/hotspot/src/share/vm/prims/jvm.cpp, line 1312]
Event: 2.960 Thread 0x00007fa7a2197000 Exception <a 'java/security/PrivilegedActionException'> (0x000000079649d518) thrown at [/Users/java_re/workspace/8-2-build-macosx-x86_64/jdk8u31/2394/hotspot/src/share/vm/prims/jvm.cpp, line 1312]
Event: 3.020 Thread 0x00007fa7a2197000 Exception <a 'java/security/PrivilegedActionException'> (0x00000007964a22a8) thrown at [/Users/java_re/workspace/8-2-build-macosx-x86_64/jdk8u31/2394/hotspot/src/share/vm/prims/jvm.cpp, line 1312]
Event: 3.022 Thread 0x00007fa7a2197000 Exception <a 'java/security/PrivilegedActionException'> (0x00000007964a75f8) thrown at [/Users/java_re/workspace/8-2-build-macosx-x86_64/jdk8u31/2394/hotspot/src/share/vm/prims/jvm.cpp, line 1312]
Event: 5.886 Thread 0x00007fa7a2197000 Exception <a 'java/security/PrivilegedActionException'> (0x000000079683a2a0) thrown at [/Users/java_re/workspace/8-2-build-macosx-x86_64/jdk8u31/2394/hotspot/src/share/vm/prims/jvm.cpp, line 1312]
Event: 5.888 Thread 0x00007fa7a2197000 Exception <a 'java/security/PrivilegedActionException'> (0x000000079683e428) thrown at [/Users/java_re/workspace/8-2-build-macosx-x86_64/jdk8u31/2394/hotspot/src/share/vm/prims/jvm.cpp, line 1312]
Event: 5.889 Thread 0x00007fa7a2197000 Exception <a 'java/security/PrivilegedActionException'> (0x000000079684cae8) thrown at [/Users/java_re/workspace/8-2-build-macosx-x86_64/jdk8u31/2394/hotspot/src/share/vm/prims/jvm.cpp, line 1312]
Event: 14.997 Thread 0x00007fa7a2197000 Exception <a 'java/security/PrivilegedActionException'> (0x000000079710c4b8) thrown at [/Users/java_re/workspace/8-2-build-macosx-x86_64/jdk8u31/2394/hotspot/src/share/vm/prims/jvm.cpp, line 1312]
Event: 16.586 Thread 0x00007fa7a2197000 Exception <a 'java/security/PrivilegedActionException'> (0x00000007972a1c20) thrown at [/Users/java_re/workspace/8-2-build-macosx-x86_64/jdk8u31/2394/hotspot/src/share/vm/prims/jvm.cpp, line 1312]
Event: 16.638 Thread 0x00007fa7a2197000 Exception <a 'java/security/PrivilegedActionException'> (0x00000007972a5ee0) thrown at [/Users/java_re/workspace/8-2-build-macosx-x86_64/jdk8u31/2394/hotspot/src/share/vm/prims/jvm.cpp, line 1312]

Events (10 events):
Event: 14.283 Executing VM operation: RevokeBias
Event: 14.284 Executing VM operation: RevokeBias done
Event: 14.284 Thread 0x00007fa7a28eb000 Thread exited: 0x00007fa7a28eb000
Event: 14.960 Thread 0x00007fa7a28eb000 Thread added: 0x00007fa7a28eb000
Event: 14.996 loading class com/badlogic/gdx/backends/lwjgl/LwjglInput$TouchEvent
Event: 14.996 loading class com/badlogic/gdx/backends/lwjgl/LwjglInput$TouchEvent done
Event: 16.586 loading class com/badlogic/gdx/backends/lwjgl/LwjglApplication$2
Event: 16.586 loading class com/badlogic/gdx/backends/lwjgl/LwjglApplication$2 done
Event: 16.637 loading class org/lwjgl/opengl/CallbackUtil
Event: 16.637 loading class org/lwjgl/opengl/CallbackUtil done


Dynamic libraries:
0x00000000012a5000 	/System/Library/Frameworks/Cocoa.framework/Versions/A/Cocoa
0x00000000012a5000 	/System/Library/Frameworks/Security.framework/Versions/A/Security
0x00000000012a5000 	/System/Library/Frameworks/ApplicationServices.framework/Versions/A/ApplicationServices
0x00000000012a5000 	/usr/lib/libz.1.dylib
0x00000000012a5000 	/usr/lib/libSystem.B.dylib
0x00000000012a5000 	/usr/lib/libobjc.A.dylib
0x00000000012a5000 	/System/Library/Frameworks/CoreFoundation.framework/Versions/A/CoreFoundation
0x00000000012a5000 	/System/Library/Frameworks/Foundation.framework/Versions/C/Foundation
0x00000000012a5000 	/System/Library/Frameworks/AppKit.framework/Versions/C/AppKit
0x00000000012a5000 	/System/Library/Frameworks/CoreData.framework/Versions/A/CoreData
0x00000000012a5000 	/System/Library/PrivateFrameworks/RemoteViewServices.framework/Versions/A/RemoteViewServices
0x00000000012a5000 	/System/Library/PrivateFrameworks/UIFoundation.framework/Versions/A/UIFoundation
0x00000000012a5000 	/System/Library/Frameworks/IOSurface.framework/Versions/A/IOSurface
0x00000000012a5000 	/System/Library/Frameworks/AudioToolbox.framework/Versions/A/AudioToolbox
0x00000000012a5000 	/System/Library/Frameworks/AudioUnit.framework/Versions/A/AudioUnit
0x00000000012a5000 	/System/Library/PrivateFrameworks/DataDetectorsCore.framework/Versions/A/DataDetectorsCore
0x00000000012a5000 	/System/Library/PrivateFrameworks/DesktopServicesPriv.framework/Versions/A/DesktopServicesPriv
0x00000000012a5000 	/System/Library/Frameworks/Carbon.framework/Versions/A/Frameworks/HIToolbox.framework/Versions/A/HIToolbox
0x00000000012a5000 	/System/Library/Frameworks/QuartzCore.framework/Versions/A/QuartzCore
0x00000000012a5000 	/System/Library/Frameworks/Carbon.framework/Versions/A/Frameworks/SpeechRecognition.framework/Versions/A/SpeechRecognition
0x00000000012a5000 	/usr/lib/libauto.dylib
0x00000000012a5000 	/usr/lib/libicucore.A.dylib
0x00000000012a5000 	/usr/lib/libxml2.2.dylib
0x00000000012a5000 	/System/Library/PrivateFrameworks/CoreUI.framework/Versions/A/CoreUI
0x00000000012a5000 	/System/Library/Frameworks/CoreAudio.framework/Versions/A/CoreAudio
0x00000000012a5000 	/System/Library/Frameworks/DiskArbitration.framework/Versions/A/DiskArbitration
0x00000000012a5000 	/usr/lib/liblangid.dylib
0x00000000012a5000 	/System/Library/PrivateFrameworks/MultitouchSupport.framework/Versions/A/MultitouchSupport
0x00000000012a5000 	/System/Library/Frameworks/IOKit.framework/Versions/A/IOKit
0x00000000012a5000 	/usr/lib/libDiagnosticMessagesClient.dylib
0x00000000012a5000 	/System/Library/Frameworks/CoreServices.framework/Versions/A/CoreServices
0x00000000012a5000 	/System/Library/PrivateFrameworks/PerformanceAnalysis.framework/Versions/A/PerformanceAnalysis
0x00000000012a5000 	/System/Library/PrivateFrameworks/GenerationalStorage.framework/Versions/A/GenerationalStorage
0x00000000012a5000 	/System/Library/Frameworks/OpenGL.framework/Versions/A/OpenGL
0x00000000012a5000 	/System/Library/PrivateFrameworks/Sharing.framework/Versions/A/Sharing
0x00000000012a5000 	/System/Library/Frameworks/CoreGraphics.framework/Versions/A/CoreGraphics
0x00000000012a5000 	/System/Library/Frameworks/CoreText.framework/Versions/A/CoreText
0x00000000012a5000 	/System/Library/Frameworks/ImageIO.framework/Versions/A/ImageIO
0x00000000012a5000 	/usr/lib/libextension.dylib
0x00000000012a5000 	/System/Library/PrivateFrameworks/Backup.framework/Versions/A/Backup
0x00000000012a5000 	/usr/lib/libarchive.2.dylib
0x00000000012a5000 	/System/Library/Frameworks/CFNetwork.framework/Versions/A/CFNetwork
0x00000000012a5000 	/System/Library/Frameworks/SystemConfiguration.framework/Versions/A/SystemConfiguration
0x00000000012a5000 	/usr/lib/libCRFSuite.dylib
0x00000000012a5000 	/usr/lib/libc++.1.dylib
0x00000000012a5000 	/usr/lib/libc++abi.dylib
0x00000000012a5000 	/usr/lib/system/libcache.dylib
0x00000000012a5000 	/usr/lib/system/libcommonCrypto.dylib
0x00000000012a5000 	/usr/lib/system/libcompiler_rt.dylib
0x00000000012a5000 	/usr/lib/system/libcopyfile.dylib
0x00000000012a5000 	/usr/lib/system/libcorecrypto.dylib
0x00000000012a5000 	/usr/lib/system/libdispatch.dylib
0x00000000012a5000 	/usr/lib/system/libdyld.dylib
0x00000000012a5000 	/usr/lib/system/libkeymgr.dylib
0x00000000012a5000 	/usr/lib/system/liblaunch.dylib
0x00000000012a5000 	/usr/lib/system/libmacho.dylib
0x00000000012a5000 	/usr/lib/system/libquarantine.dylib
0x00000000012a5000 	/usr/lib/system/libremovefile.dylib
0x00000000012a5000 	/usr/lib/system/libsystem_asl.dylib
0x00000000012a5000 	/usr/lib/system/libsystem_blocks.dylib
0x00000000012a5000 	/usr/lib/system/libsystem_c.dylib
0x00000000012a5000 	/usr/lib/system/libsystem_configuration.dylib
0x00000000012a5000 	/usr/lib/system/libsystem_coreservices.dylib
0x00000000012a5000 	/usr/lib/system/libsystem_coretls.dylib
0x00000000012a5000 	/usr/lib/system/libsystem_dnssd.dylib
0x00000000012a5000 	/usr/lib/system/libsystem_info.dylib
0x00000000012a5000 	/usr/lib/system/libsystem_kernel.dylib
0x00000000012a5000 	/usr/lib/system/libsystem_m.dylib
0x00000000012a5000 	/usr/lib/system/libsystem_malloc.dylib
0x00000000012a5000 	/usr/lib/system/libsystem_network.dylib
0x00000000012a5000 	/usr/lib/system/libsystem_networkextension.dylib
0x00000000012a5000 	/usr/lib/system/libsystem_notify.dylib
0x00000000012a5000 	/usr/lib/system/libsystem_platform.dylib
0x00000000012a5000 	/usr/lib/system/libsystem_pthread.dylib
0x00000000012a5000 	/usr/lib/system/libsystem_sandbox.dylib
0x00000000012a5000 	/usr/lib/system/libsystem_secinit.dylib
0x00000000012a5000 	/usr/lib/system/libsystem_stats.dylib
0x00000000012a5000 	/usr/lib/system/libsystem_trace.dylib
0x00000000012a5000 	/usr/lib/system/libunc.dylib
0x00000000012a5000 	/usr/lib/system/libunwind.dylib
0x00000000012a5000 	/usr/lib/system/libxpc.dylib
0x00000000012a5000 	/usr/lib/libbz2.1.0.dylib
0x00000000012a5000 	/usr/lib/liblzma.5.dylib
0x00000000012a5000 	/usr/lib/libbsm.0.dylib
0x00000000012a5000 	/usr/lib/libsqlite3.dylib
0x00000000012a5000 	/usr/lib/system/libkxld.dylib
0x00000000012a5000 	/usr/lib/libxar.1.dylib
0x00000000012a5000 	/usr/lib/libpam.2.dylib
0x00000000012a5000 	/usr/lib/libOpenScriptingUtil.dylib
0x00000000012a5000 	/System/Library/Frameworks/CoreServices.framework/Versions/A/Frameworks/FSEvents.framework/Versions/A/FSEvents
0x00000000012a5000 	/System/Library/Frameworks/CoreServices.framework/Versions/A/Frameworks/CarbonCore.framework/Versions/A/CarbonCore
0x00000000012a5000 	/System/Library/Frameworks/CoreServices.framework/Versions/A/Frameworks/Metadata.framework/Versions/A/Metadata
0x00000000012a5000 	/System/Library/Frameworks/CoreServices.framework/Versions/A/Frameworks/OSServices.framework/Versions/A/OSServices
0x00000000012a5000 	/System/Library/Frameworks/CoreServices.framework/Versions/A/Frameworks/SearchKit.framework/Versions/A/SearchKit
0x00000000012a5000 	/System/Library/Frameworks/CoreServices.framework/Versions/A/Frameworks/AE.framework/Versions/A/AE
0x00000000012a5000 	/System/Library/Frameworks/CoreServices.framework/Versions/A/Frameworks/LaunchServices.framework/Versions/A/LaunchServices
0x00000000012a5000 	/System/Library/Frameworks/CoreServices.framework/Versions/A/Frameworks/DictionaryServices.framework/Versions/A/DictionaryServices
0x00000000012a5000 	/System/Library/Frameworks/NetFS.framework/Versions/A/NetFS
0x00000000012a5000 	/System/Library/PrivateFrameworks/NetAuth.framework/Versions/A/NetAuth
0x00000000012a5000 	/System/Library/PrivateFrameworks/login.framework/Versions/A/Frameworks/loginsupport.framework/Versions/A/loginsupport
0x00000000012a5000 	/System/Library/PrivateFrameworks/TCC.framework/Versions/A/TCC
0x00000000012a5000 	/usr/lib/libmecabra.dylib
0x00000000012a5000 	/System/Library/Frameworks/ApplicationServices.framework/Versions/A/Frameworks/ATS.framework/Versions/A/ATS
0x00000000012a5000 	/System/Library/Frameworks/ApplicationServices.framework/Versions/A/Frameworks/ColorSync.framework/Versions/A/ColorSync
0x00000000012a5000 	/System/Library/Frameworks/ApplicationServices.framework/Versions/A/Frameworks/HIServices.framework/Versions/A/HIServices
0x00000000012a5000 	/System/Library/Frameworks/ApplicationServices.framework/Versions/A/Frameworks/LangAnalysis.framework/Versions/A/LangAnalysis
0x00000000012a5000 	/System/Library/Frameworks/ApplicationServices.framework/Versions/A/Frameworks/PrintCore.framework/Versions/A/PrintCore
0x00000000012a5000 	/System/Library/Frameworks/ApplicationServices.framework/Versions/A/Frameworks/QD.framework/Versions/A/QD
0x00000000012a5000 	/System/Library/Frameworks/ApplicationServices.framework/Versions/A/Frameworks/SpeechSynthesis.framework/Versions/A/SpeechSynthesis
0x00000000012a5000 	/System/Library/Frameworks/Accelerate.framework/Versions/A/Accelerate
0x00000000012a5000 	/System/Library/Frameworks/Accelerate.framework/Versions/A/Frameworks/vImage.framework/Versions/A/vImage
0x00000000012a5000 	/System/Library/Frameworks/Accelerate.framework/Versions/A/Frameworks/vecLib.framework/Versions/A/vecLib
0x00000000012a5000 	/System/Library/Frameworks/Accelerate.framework/Versions/A/Frameworks/vecLib.framework/Versions/A/libvDSP.dylib
0x00000000012a5000 	/System/Library/Frameworks/Accelerate.framework/Versions/A/Frameworks/vecLib.framework/Versions/A/libvMisc.dylib
0x00000000012a5000 	/System/Library/Frameworks/Accelerate.framework/Versions/A/Frameworks/vecLib.framework/Versions/A/libLAPACK.dylib
0x00000000012a5000 	/System/Library/Frameworks/Accelerate.framework/Versions/A/Frameworks/vecLib.framework/Versions/A/libBLAS.dylib
0x00000000012a5000 	/System/Library/Frameworks/Accelerate.framework/Versions/A/Frameworks/vecLib.framework/Versions/A/libLinearAlgebra.dylib
0x00000000012a5000 	/System/Library/Frameworks/ApplicationServices.framework/Versions/A/Frameworks/ATS.framework/Versions/A/Resources/libFontParser.dylib
0x00000000012a5000 	/System/Library/Frameworks/ApplicationServices.framework/Versions/A/Frameworks/ATS.framework/Versions/A/Resources/libFontRegistry.dylib
0x00000000012a5000 	/System/Library/PrivateFrameworks/AppleVPA.framework/Versions/A/AppleVPA
0x00000000012a5000 	/System/Library/PrivateFrameworks/AppleJPEG.framework/Versions/A/AppleJPEG
0x00000000012a5000 	/System/Library/Frameworks/ImageIO.framework/Versions/A/Resources/libJPEG.dylib
0x00000000012a5000 	/System/Library/Frameworks/ImageIO.framework/Versions/A/Resources/libTIFF.dylib
0x00000000012a5000 	/System/Library/Frameworks/ImageIO.framework/Versions/A/Resources/libPng.dylib
0x00000000012a5000 	/System/Library/Frameworks/ImageIO.framework/Versions/A/Resources/libGIF.dylib
0x00000000012a5000 	/System/Library/Frameworks/ImageIO.framework/Versions/A/Resources/libJP2.dylib
0x00000000012a5000 	/System/Library/Frameworks/ImageIO.framework/Versions/A/Resources/libRadiance.dylib
0x00000000012a5000 	/System/Library/Frameworks/CoreVideo.framework/Versions/A/CoreVideo
0x00000000012a5000 	/System/Library/Frameworks/OpenGL.framework/Versions/A/Libraries/libGLU.dylib
0x00000000012a5000 	/System/Library/Frameworks/OpenGL.framework/Versions/A/Libraries/libGFXShared.dylib
0x00000000012a5000 	/System/Library/Frameworks/OpenGL.framework/Versions/A/Libraries/libGL.dylib
0x00000000012a5000 	/System/Library/Frameworks/OpenGL.framework/Versions/A/Libraries/libGLImage.dylib
0x00000000012a5000 	/System/Library/Frameworks/OpenGL.framework/Versions/A/Libraries/libCVMSPluginSupport.dylib
0x00000000012a5000 	/System/Library/Frameworks/OpenGL.framework/Versions/A/Libraries/libCoreVMClient.dylib
0x00000000012a5000 	/usr/lib/libcups.2.dylib
0x00000000012a5000 	/System/Library/Frameworks/Kerberos.framework/Versions/A/Kerberos
0x00000000012a5000 	/System/Library/Frameworks/GSS.framework/Versions/A/GSS
0x00000000012a5000 	/usr/lib/libresolv.9.dylib
0x00000000012a5000 	/usr/lib/libiconv.2.dylib
0x00000000012a5000 	/System/Library/PrivateFrameworks/Heimdal.framework/Versions/A/Heimdal
0x00000000012a5000 	/usr/lib/libheimdal-asn1.dylib
0x00000000012a5000 	/System/Library/Frameworks/OpenDirectory.framework/Versions/A/OpenDirectory
0x00000000012a5000 	/System/Library/PrivateFrameworks/CommonAuth.framework/Versions/A/CommonAuth
0x00000000012a5000 	/System/Library/Frameworks/OpenDirectory.framework/Versions/A/Frameworks/CFOpenDirectory.framework/Versions/A/CFOpenDirectory
0x00000000012a5000 	/System/Library/Frameworks/SecurityFoundation.framework/Versions/A/SecurityFoundation
0x00000000012a5000 	/System/Library/PrivateFrameworks/LanguageModeling.framework/Versions/A/LanguageModeling
0x00000000012a5000 	/usr/lib/libcmph.dylib
0x00000000012a5000 	/System/Library/Frameworks/ServiceManagement.framework/Versions/A/ServiceManagement
0x00000000012a5000 	/usr/lib/libxslt.1.dylib
0x00000000012a5000 	/System/Library/Frameworks/Carbon.framework/Versions/A/Frameworks/Ink.framework/Versions/A/Ink
0x00000000012a5000 	/System/Library/Frameworks/QuartzCore.framework/Versions/A/Frameworks/CoreImage.framework/Versions/A/CoreImage
0x00000000012a5000 	/System/Library/PrivateFrameworks/CrashReporterSupport.framework/Versions/A/CrashReporterSupport
0x00000000012a5000 	/System/Library/Frameworks/OpenCL.framework/Versions/A/OpenCL
0x00000000012a5000 	/System/Library/PrivateFrameworks/FaceCore.framework/Versions/A/FaceCore
0x00000000012a5000 	/System/Library/PrivateFrameworks/Ubiquity.framework/Versions/A/Ubiquity
0x00000000012a5000 	/System/Library/PrivateFrameworks/IconServices.framework/Versions/A/IconServices
0x00000000012a5000 	/System/Library/PrivateFrameworks/ChunkingLibrary.framework/Versions/A/ChunkingLibrary
0x00000000012a5000 	/System/Library/PrivateFrameworks/Apple80211.framework/Versions/A/Apple80211
0x00000000012a5000 	/System/Library/Frameworks/CoreWLAN.framework/Versions/A/CoreWLAN
0x00000000012a5000 	/System/Library/Frameworks/IOBluetooth.framework/Versions/A/IOBluetooth
0x00000000012a5000 	/System/Library/PrivateFrameworks/CoreWiFi.framework/Versions/A/CoreWiFi
0x00000000012a5000 	/System/Library/Frameworks/CoreBluetooth.framework/Versions/A/CoreBluetooth
0x00000000012a5000 	/System/Library/PrivateFrameworks/DebugSymbols.framework/Versions/A/DebugSymbols
0x00000000012a5000 	/System/Library/PrivateFrameworks/CoreSymbolication.framework/Versions/A/CoreSymbolication
0x00000000012a5000 	/System/Library/PrivateFrameworks/Symbolication.framework/Versions/A/Symbolication
0x00000000012a5000 	/System/Library/PrivateFrameworks/SpeechRecognitionCore.framework/Versions/A/SpeechRecognitionCore
0x000000010d011000 	/Library/Java/JavaVirtualMachines/jdk1.8.0_31.jdk/Contents/Home/jre/lib/server/libjvm.dylib
0x00000000012a5000 	/usr/lib/libstdc++.6.dylib
0x000000010e04a000 	/Library/Java/JavaVirtualMachines/jdk1.8.0_31.jdk/Contents/Home/jre/lib/libverify.dylib
0x000000010e058000 	/Library/Java/JavaVirtualMachines/jdk1.8.0_31.jdk/Contents/Home/jre/lib/libjava.dylib
0x000000010e096000 	/Library/Java/JavaVirtualMachines/jdk1.8.0_31.jdk/Contents/Home/jre/lib/libzip.dylib
0x0000000124922000 	/System/Library/Frameworks/JavaVM.framework/Frameworks/JavaRuntimeSupport.framework/JavaRuntimeSupport
0x0000000124938000 	/System/Library/Frameworks/JavaVM.framework/Versions/A/Frameworks/JavaNativeFoundation.framework/Versions/A/JavaNativeFoundation
0x000000010e1f3000 	/System/Library/Frameworks/JavaVM.framework/Versions/A/JavaVM
0x00000000012a5000 	/System/Library/Frameworks/Carbon.framework/Versions/A/Carbon
0x000000012494c000 	/System/Library/PrivateFrameworks/JavaLaunching.framework/Versions/A/JavaLaunching
0x00000000012a5000 	/System/Library/Frameworks/Carbon.framework/Versions/A/Frameworks/CommonPanels.framework/Versions/A/CommonPanels
0x00000000012a5000 	/System/Library/Frameworks/Carbon.framework/Versions/A/Frameworks/Help.framework/Versions/A/Help
0x00000000012a5000 	/System/Library/Frameworks/Carbon.framework/Versions/A/Frameworks/ImageCapture.framework/Versions/A/ImageCapture
0x00000000012a5000 	/System/Library/Frameworks/Carbon.framework/Versions/A/Frameworks/OpenScripting.framework/Versions/A/OpenScripting
0x00000000012a5000 	/System/Library/Frameworks/Carbon.framework/Versions/A/Frameworks/Print.framework/Versions/A/Print
0x00000000012a5000 	/System/Library/Frameworks/Carbon.framework/Versions/A/Frameworks/SecurityHI.framework/Versions/A/SecurityHI
0x00000001268b9000 	/private/var/folders/96/w1bpns0x623dndwgzk7zkb100000gn/T/libgdxemmafahlen/d8ae55ed/libgdx64.dylib
0x0000000126902000 	/Library/Java/JavaVirtualMachines/jdk1.8.0_31.jdk/Contents/Home/jre/lib/libawt.dylib
0x00000001269b1000 	/Library/Java/JavaVirtualMachines/jdk1.8.0_31.jdk/Contents/Home/jre/lib/./libmlib_image.dylib
0x0000000126a7d000 	/Library/Java/JavaVirtualMachines/jdk1.8.0_31.jdk/Contents/Home/jre/lib/libawt_lwawt.dylib
0x0000000126b30000 	/Library/Java/JavaVirtualMachines/jdk1.8.0_31.jdk/Contents/Home/jre/lib/./libosxapp.dylib
0x00000000012a5000 	/System/Library/Frameworks/ExceptionHandling.framework/Versions/A/ExceptionHandling
0x00000000012a5000 	/System/Library/PrivateFrameworks/CoreServicesInternal.framework/Versions/A/CoreServicesInternal
0x00000000012a5000 	/System/Library/PrivateFrameworks/CloudDocs.framework/Versions/A/CloudDocs
0x00000000012a5000 	/System/Library/PrivateFrameworks/CoreDuet.framework/Versions/A/CoreDuet
0x00000000012a5000 	/System/Library/Frameworks/CloudKit.framework/Versions/A/CloudKit
0x00000000012a5000 	/System/Library/PrivateFrameworks/ProtocolBuffer.framework/Versions/A/ProtocolBuffer
0x00000000012a5000 	/System/Library/PrivateFrameworks/CoreDuetDaemonProtocol.framework/Versions/A/CoreDuetDaemonProtocol
0x00000000012a5000 	/System/Library/PrivateFrameworks/CoreDuetDebugLogging.framework/Versions/A/CoreDuetDebugLogging
0x00000000012a5000 	/System/Library/PrivateFrameworks/MMCS.framework/Versions/A/MMCS
0x00000000012a5000 	/System/Library/Frameworks/CoreLocation.framework/Versions/A/CoreLocation
0x00000000012a5000 	/System/Library/PrivateFrameworks/ProtectedCloudStorage.framework/Versions/A/ProtectedCloudStorage
0x00000000012a5000 	/System/Library/PrivateFrameworks/GeoServices.framework/Versions/A/GeoServices
0x00000000012a5000 	/System/Library/Frameworks/CoreGraphics.framework/Versions/A/Resources/libCGCMS.A.dylib
0x00000000012a5000 	/System/Library/Frameworks/CoreGraphics.framework/Versions/A/Resources/libRIP.A.dylib
0x00000000012a5000 	/System/Library/Frameworks/CoreGraphics.framework/Versions/A/Resources/libCGXType.A.dylib
0x00000000012a5000 	/System/Library/Frameworks/OpenCL.framework/Versions/A/Libraries/libcldcpuengine.dylib
0x00000000012a5000 	/System/Library/PrivateFrameworks/DiskImages.framework/Versions/A/DiskImages
0x00000000012a5000 	/System/Library/Frameworks/DiscRecording.framework/Versions/A/DiscRecording
0x00000000012a5000 	/usr/lib/libcsfde.dylib
0x00000000012a5000 	/usr/lib/libcurl.4.dylib
0x00000000012a5000 	/System/Library/PrivateFrameworks/MediaKit.framework/Versions/A/MediaKit
0x00000000012a5000 	/usr/lib/libCoreStorage.dylib
0x00000000012a5000 	/System/Library/PrivateFrameworks/EFILogin.framework/Versions/A/EFILogin
0x00000000012a5000 	/usr/lib/libutil.dylib
0x00000000012a5000 	/System/Library/PrivateFrameworks/FindMyDevice.framework/Versions/A/FindMyDevice
0x00000000012a5000 	/System/Library/Frameworks/LDAP.framework/Versions/A/LDAP
0x00000000012a5000 	/usr/lib/libsasl2.2.dylib
0x00000000012a5000 	/System/Library/PrivateFrameworks/CoreDaemon.framework/Versions/B/CoreDaemon
0x00000000012a5000 	/usr/lib/libcrypto.0.9.8.dylib
0x00000000012a5000 	/System/Library/PrivateFrameworks/AppleSRP.framework/Versions/A/AppleSRP
0x00000000012a5000 	/System/Library/PrivateFrameworks/TrustEvaluationAgent.framework/Versions/A/TrustEvaluationAgent
0x0000000129bfe000 	cl_kernels
0x0000000129c00000 	/System/Library/Frameworks/OpenCL.framework/Versions/A/Libraries/ImageFormats/unorm8_bgra.dylib
0x0000000129bf0000 	cl_kernels
0x00000000012a5000 	/System/Library/PrivateFrameworks/FamilyControls.framework/Versions/A/FamilyControls
0x00000000012a5000 	/System/Library/PrivateFrameworks/CommerceKit.framework/Versions/A/Frameworks/CommerceCore.framework/Versions/A/CommerceCore
0x00000000012a5000 	/System/Library/PrivateFrameworks/SystemAdministration.framework/Versions/A/SystemAdministration
0x00000000012a5000 	/System/Library/PrivateFrameworks/AppContainer.framework/Versions/A/AppContainer
0x00000000012a5000 	/System/Library/PrivateFrameworks/SecCodeWrapper.framework/Versions/A/SecCodeWrapper
0x00000000012a5000 	/System/Library/Frameworks/DirectoryService.framework/Versions/A/DirectoryService
0x00000000012a5000 	/System/Library/PrivateFrameworks/LoginUIKit.framework/Versions/A/Frameworks/LoginUICore.framework/Versions/A/LoginUICore
0x00000000012a5000 	/usr/lib/libodfde.dylib
0x000000012afa5000 	/Library/Java/JavaVirtualMachines/jdk1.8.0_31.jdk/Contents/Home/jre/lib/libfontmanager.dylib
0x000000012b00c000 	/private/var/folders/96/w1bpns0x623dndwgzk7zkb100000gn/T/libgdxemmafahlen/f7649394/liblwjgl.dylib
0x0000000129067000 	/Library/Java/JavaVirtualMachines/jdk1.8.0_31.jdk/Contents/Home/jre/lib/libjawt.dylib
0x000000012b08e000 	/var/folders/96/w1bpns0x623dndwgzk7zkb100000gn/T/libgdxemmafahlen/f7649394/openal.dylib
0x000000012b0fd000 	/System/Library/Components/CoreAudio.component/Contents/MacOS/CoreAudio
0x000000012907f000 	/System/Library/Extensions/AppleHDA.kext/Contents/PlugIns/AppleHDAHALPlugIn.bundle/Contents/MacOS/AppleHDAHALPlugIn
0x00000000012a5000 	/System/Library/Frameworks/OpenGL.framework/Versions/A/Resources/GLEngine.bundle/GLEngine
0x00000000012a5000 	/System/Library/Frameworks/OpenGL.framework/Versions/A/Libraries/libGLProgrammability.dylib
0x0000000000000000 	/System/Library/Extensions/AppleIntelHD5000GraphicsGLDriver.bundle/Contents/MacOS/AppleIntelHD5000GraphicsGLDriver
0x00000000012a5000 	/System/Library/PrivateFrameworks/IOAccelerator.framework/Versions/A/IOAccelerator
0x00000000012a5000 	/System/Library/PrivateFrameworks/GPUSupport.framework/Versions/A/Libraries/libGPUSupportMercury.dylib
0x00000000012a5000 	/System/Library/Frameworks/OpenGL.framework/Versions/A/Resources/GLRendererFloat.bundle/GLRendererFloat

VM Arguments:
jvm_args: -Dfile.encoding=UTF-8 -Duser.country=SE -Duser.language=sv -Duser.variant 
java_command: edu.chl.StureSpook.desktop.DesktopLauncher
java_class_path (initial): /Users/emmafahlen/Chalmers/Projekt/StureSpook/Projekt/desktop/build/classes/main:/Users/emmafahlen/Chalmers/Projekt/StureSpook/Projekt/desktop/build/resources/main:/Users/emmafahlen/Chalmers/Projekt/StureSpook/Projekt/core/build/libs/core-1.0.jar:/Users/emmafahlen/.gradle/caches/modules-2/files-2.1/com.badlogicgames.gdx/gdx-backend-lwjgl/1.5.6/c6f56429187186deb360018d762d5ade984ea516/gdx-backend-lwjgl-1.5.6.jar:/Users/emmafahlen/.gradle/caches/modules-2/files-2.1/com.badlogicgames.gdx/gdx-platform/1.5.6/ff71a24efc6d26cc2f1555834dba17d2889706d/gdx-platform-1.5.6-natives-desktop.jar:/Users/emmafahlen/.gradle/caches/modules-2/files-2.1/com.badlogicgames.gdx/gdx-box2d-platform/1.5.6/549e142391925ae4d264cfe5602e011875324400/gdx-box2d-platform-1.5.6-natives-desktop.jar:/Users/emmafahlen/.gradle/caches/modules-2/files-2.1/com.badlogicgames.gdx/gdx-controllers-desktop/1.5.6/47fd94f655a572687354d56284338c366a1337fa/gdx-controllers-desktop-1.5.6.jar:/Users/emmafahlen/.gradle/caches/modules-2/files-2.1/com.badlogicgames.gdx/gdx-controllers-platform/1.5.6/7d3cc8fb8d04752ed7136ed66fbe70f637903b18/gdx-controllers-platform-1.5.6-natives-desktop.jar:/Users/emmafahlen/.gradle/caches/modules-2/files-2.1/com.badlogicgames.gdx/gdx-tools/1.5.6/db4aad643fc141cbd30f9ce6490628dbf7ede034/gdx-tools-1.5.6.jar:/Users/emmafahlen/.gradle/caches/modules-2/files-2.1/com.badlogicgames.gdx/gdx-freetype-platform/1.5.6/117cc3b383758f0eddc9063d01014fd91adae3ac/gdx-freetype-platform-1.5.6-natives-desktop.jar:/Users/emmafahlen/.gradle/caches/modules-2/files-2.1/com.badlogicgames.gdx/gdx-bullet-platform/1.5.6/84348eb6194d4ac5749e6e50eccb994e9ddbd71e/gdx-bullet-platform-1.5.6-natives-desktop.jar:/Users/emmafahlen/.gradle/caches/modules-2/files-2.1/com.badlogicgames.gdx/gdx/1.5.6/93418008f79684e0fbe15d487c82c21b63389f18/gdx-1.5.6.jar:/Users/emmafahlen/.gradle/caches/modules-2/files-2.1/com.badlogicgames.gdx/gdx-box2d/1.5.6/7587cece665b8bbcc8e02171a77cb47a2bf0b155/gdx-box2d-1.5.6
Launcher Type: SUN_STANDARD

Environment Variables:
PATH=/usr/bin:/bin:/usr/sbin:/sbin
LD_LIBRARY_PATH=/Library/Java/JavaVirtualMachines/jdk1.8.0_31.jdk/Contents/Home/jre/lib/amd64:/Library/Java/JavaVirtualMachines/jdk1.8.0_31.jdk/Contents/Home/jre/lib/i386:
SHELL=/bin/bash
DYLD_LIBRARY_PATH=/Applications/NetBeans/NetBeans 8.0.2.app/Contents/Resources/NetBeans/webcommon/bin:

Signal Handlers:
SIGSEGV: [libjvm.dylib+0x57a0e7], sa_mask[0]=11111111011111110111111111111111, sa_flags=SA_ONSTACK|SA_RESTART|SA_SIGINFO
SIGBUS: [libjvm.dylib+0x57a0e7], sa_mask[0]=11111111011111110111111111111111, sa_flags=SA_RESTART|SA_SIGINFO
SIGFPE: [libjvm.dylib+0x45af24], sa_mask[0]=11111111011111110111111111111111, sa_flags=SA_RESTART|SA_SIGINFO
SIGPIPE: [libjvm.dylib+0x45af24], sa_mask[0]=11111111011111110111111111111111, sa_flags=SA_RESTART|SA_SIGINFO
SIGXFSZ: [libjvm.dylib+0x45af24], sa_mask[0]=11111111011111110111111111111111, sa_flags=SA_RESTART|SA_SIGINFO
SIGILL: [libjvm.dylib+0x45af24], sa_mask[0]=11111111011111110111111111111111, sa_flags=SA_RESTART|SA_SIGINFO
SIGUSR1: SIG_DFL, sa_mask[0]=00000000000000000000000000000000, sa_flags=none
SIGUSR2: [libjvm.dylib+0x45aa42], sa_mask[0]=00100000000000000000000000000000, sa_flags=SA_RESTART|SA_SIGINFO
SIGHUP: [libjvm.dylib+0x459015], sa_mask[0]=11111111011111110111111111111111, sa_flags=SA_RESTART|SA_SIGINFO
SIGINT: SIG_IGN, sa_mask[0]=00000000000000000000000000000000, sa_flags=none
SIGTERM: [libjvm.dylib+0x459015], sa_mask[0]=11111111011111110111111111111111, sa_flags=SA_RESTART|SA_SIGINFO
SIGQUIT: [libjvm.dylib+0x459015], sa_mask[0]=11111111011111110111111111111111, sa_flags=SA_RESTART|SA_SIGINFO


---------------  S Y S T E M  ---------------

OS:Bsduname:Darwin 14.3.0 Darwin Kernel Version 14.3.0: Mon Mar 23 11:59:05 PDT 2015; root:xnu-2782.20.48~5/RELEASE_X86_64 x86_64
rlimit: STACK 8192k, CORE 0k, NPROC 709, NOFILE 10240, AS infinity
load average:5.86 4.99 4.26

CPU:total 4 (2 cores per cpu, 2 threads per core) family 6 model 69 stepping 1, cmov, cx8, fxsr, mmx, sse, sse2, sse3, ssse3, sse4.1, sse4.2, popcnt, avx, avx2, aes, clmul, erms, lzcnt, ht, tsc, tscinvbit, bmi1, bmi2

Memory: 4k page, physical 8388608k(6204k free)

/proc/meminfo:


vm_info: Java HotSpot(TM) 64-Bit Server VM (25.31-b07) for bsd-amd64 JRE (1.8.0_31-b13), built on Dec 17 2014 20:45:36 by "java_re" with gcc 4.2.1 (Based on Apple Inc. build 5658) (LLVM build 2336.11.00)

time: Tue May 26 15:37:34 2015
elapsed time: 16 seconds (0d 0h 0m 16s)

